2025-11-17 15:48:25.152 [main] INFO  es.tfg.votacion.Application - Starting Application using Java 21.0.5 with PID 11292 (/home/ehuetadr/TFG/VotacionBC/backend-spring/target/classes started by ehuetadr in /home/ehuetadr/TFG/VotacionBC/backend-spring)
2025-11-17 15:48:25.159 [main] DEBUG es.tfg.votacion.Application - Running with Spring Boot v3.5.7, Spring v6.2.12
2025-11-17 15:48:25.160 [main] INFO  es.tfg.votacion.Application - No active profile set, falling back to 1 default profile: "default"
2025-11-17 15:48:26.235 [main] INFO  o.s.b.w.e.tomcat.TomcatWebServer - Tomcat initialized with port 8080 (http)
2025-11-17 15:48:26.257 [main] INFO  o.a.catalina.core.StandardService - Starting service [Tomcat]
2025-11-17 15:48:26.258 [main] INFO  o.a.catalina.core.StandardEngine - Starting Servlet engine: [Apache Tomcat/10.1.48]
2025-11-17 15:48:26.328 [main] INFO  o.a.c.c.C.[.[localhost].[/api/v1] - Initializing Spring embedded WebApplicationContext
2025-11-17 15:48:26.329 [main] INFO  o.s.b.w.s.c.ServletWebServerApplicationContext - Root WebApplicationContext: initialization completed in 1095 ms
2025-11-17 15:48:26.378 [main] INFO  es.tfg.votacion.service.AuthService - Initializing Authentication Service (Mock Mode)
2025-11-17 15:48:26.379 [main] DEBUG es.tfg.votacion.service.AuthService - Loading mock users from: /home/ehuetadr/TFG/VotacionBC/backend-spring/src/main/resources/mock/users.json
2025-11-17 15:48:26.402 [main] DEBUG es.tfg.votacion.service.AuthService - Loaded user: juan.perez (role: Votante (voter), active: true)
2025-11-17 15:48:26.403 [main] DEBUG es.tfg.votacion.service.AuthService - Loaded user: maria.gonzalez (role: Votante (voter), active: true)
2025-11-17 15:48:26.403 [main] DEBUG es.tfg.votacion.service.AuthService - Loaded user: admin (role: Administrador (admin), active: true)
2025-11-17 15:48:26.404 [main] DEBUG es.tfg.votacion.service.AuthService - Loaded user: auditor (role: Auditor (auditor), active: true)
2025-11-17 15:48:26.404 [main] DEBUG es.tfg.votacion.service.AuthService - Loaded user: carlos.martin (role: Votante (voter), active: true)
2025-11-17 15:48:26.404 [main] DEBUG es.tfg.votacion.service.AuthService - Loaded user: ana.rodriguez (role: Votante (voter), active: true)
2025-11-17 15:48:26.404 [main] DEBUG es.tfg.votacion.service.AuthService - Loaded user: pedro.lopez (role: Administrador (admin), active: true)
2025-11-17 15:48:26.404 [main] DEBUG es.tfg.votacion.service.AuthService - Loaded user: lucia.garcia (role: Votante (voter), active: false)
2025-11-17 15:48:26.404 [main] DEBUG es.tfg.votacion.service.AuthService - Loaded user: test.user (role: Votante (voter), active: true)
2025-11-17 15:48:26.405 [main] INFO  es.tfg.votacion.service.AuthService - Loaded 9 mock users from /home/ehuetadr/TFG/VotacionBC/backend-spring/src/main/resources/mock/users.json
2025-11-17 15:48:26.410 [main] DEBUG es.tfg.votacion.service.AuthService - JWT signing key initialized with HS256 algorithm
2025-11-17 15:48:26.410 [main] INFO  es.tfg.votacion.service.AuthService - JWT signing key initialized successfully
2025-11-17 15:48:26.410 [main] DEBUG es.tfg.votacion.service.AuthService - JWT issuer: votacion-blockchain-poc
2025-11-17 15:48:26.410 [main] DEBUG es.tfg.votacion.service.AuthService - JWT audience: voting-system
2025-11-17 15:48:26.410 [main] DEBUG es.tfg.votacion.service.AuthService - JWT expiration: 3600 seconds
2025-11-17 15:48:26.411 [main] DEBUG es.tfg.votacion.service.AuthService - Allowed roles: [voter, admin, auditor]
2025-11-17 15:48:26.411 [main] WARN  es.tfg.votacion.service.AuthService - Running in MOCK authentication mode - not suitable for production!
2025-11-17 15:48:26.453 [main] DEBUG e.t.v.config.JwtAuthenticationFilter - Filter 'jwtAuthenticationFilter' configured for use
2025-11-17 15:48:26.491 [main] INFO  e.t.votacion.service.ElectionService - Initializing ElectionService with mock elections
2025-11-17 15:48:26.492 [main] INFO  e.t.votacion.service.ElectionService - Created 3 mock elections
2025-11-17 15:48:26.514 [main] INFO  e.tfg.votacion.service.FabricService - Initializing Hyperledger Fabric Gateway connection
2025-11-17 15:48:26.515 [main] INFO  e.tfg.votacion.service.FabricService - Attempting to connect to Fabric network...
2025-11-17 15:48:26.515 [main] DEBUG e.tfg.votacion.service.FabricService - Connection profile: /home/ehuetadr/fabric/fabric-samples/test-network/organizations/peerOrganizations/org1.example.com/connection-org1.json
2025-11-17 15:48:26.515 [main] DEBUG e.tfg.votacion.service.FabricService - Wallet path: /home/ehuetadr/TFG/VotacionBC/backend-spring/wallet
2025-11-17 15:48:26.515 [main] DEBUG e.tfg.votacion.service.FabricService - User: appUser
2025-11-17 15:48:26.515 [main] DEBUG e.tfg.votacion.service.FabricService - Channel: electionchannel
2025-11-17 15:48:26.515 [main] DEBUG e.tfg.votacion.service.FabricService - Chaincode: electioncc
2025-11-17 15:48:26.515 [main] WARN  e.tfg.votacion.service.FabricService - Using MOCK Fabric connection for PoC development
2025-11-17 15:48:26.515 [main] WARN  e.tfg.votacion.service.FabricService - To use real Fabric connection, implement proper Gateway initialization
2025-11-17 15:48:26.515 [main] INFO  e.tfg.votacion.service.FabricService - Successfully connected to Hyperledger Fabric network
2025-11-17 15:48:26.533 [main] INFO  e.t.votacion.service.StorageService - Initializing Storage Service with AES-GCM encryption
2025-11-17 15:48:26.533 [main] DEBUG e.t.votacion.service.StorageService - Loading encryption key from keystore: /home/ehuetadr/TFG/VotacionBC/backend-spring/src/main/resources/keystore/keystore.json
2025-11-17 15:48:26.538 [main] DEBUG e.t.votacion.service.StorageService - Keystore loaded - algorithm: AES/GCM/NoPadding, key length: 256 bits
2025-11-17 15:48:26.539 [main] INFO  e.t.votacion.service.StorageService - Encryption key loaded and validated successfully
2025-11-17 15:48:26.539 [main] INFO  e.t.votacion.service.StorageService - Encryption key loaded successfully from keystore
2025-11-17 15:48:26.539 [main] INFO  e.t.votacion.service.StorageService - Storage directory initialized: /home/ehuetadr/TFG/VotacionBC/backend-spring/data/storage
2025-11-17 15:48:26.539 [main] DEBUG e.t.votacion.service.StorageService - Encryption algorithm: AES/GCM/NoPadding
2025-11-17 15:48:26.539 [main] DEBUG e.t.votacion.service.StorageService - Key length: 256 bits
2025-11-17 15:48:26.539 [main] DEBUG e.t.votacion.service.StorageService - IV length: 12 bytes
2025-11-17 15:48:26.539 [main] DEBUG e.t.votacion.service.StorageService - Tag length: 128 bits
2025-11-17 15:48:26.539 [main] INFO  e.t.votacion.service.StorageService - Automatic cleanup enabled - retention: 30 days
2025-11-17 15:48:26.777 [main] WARN  o.s.b.a.s.s.UserDetailsServiceAutoConfiguration - 

Using generated security password: 154b7b13-9541-4beb-ae8f-87f65574ebb9

This generated password is for development use only. Your security configuration must be updated before running your application in production.

2025-11-17 15:48:26.787 [main] INFO  o.s.s.c.a.a.c.InitializeUserDetailsBeanManagerConfigurer$InitializeUserDetailsManagerConfigurer - Global AuthenticationManager configured with UserDetailsService bean with name inMemoryUserDetailsManager
2025-11-17 15:48:26.847 [main] INFO  e.tfg.votacion.config.SecurityConfig - Configuring Spring Security with JWT authentication
2025-11-17 15:48:26.849 [main] INFO  e.tfg.votacion.config.SecurityConfig - Configuring CORS for development environment
2025-11-17 15:48:26.884 [main] INFO  e.tfg.votacion.config.SecurityConfig - Spring Security configured successfully
2025-11-17 15:48:27.165 [main] INFO  o.s.b.w.e.tomcat.TomcatWebServer - Tomcat started on port 8080 (http) with context path '/api/v1'
2025-11-17 15:48:27.177 [main] INFO  es.tfg.votacion.Application - Started Application in 2.53 seconds (process running for 2.826)
2025-11-17 15:50:47.484 [tomcat-handler-4] INFO  o.a.c.c.C.[.[localhost].[/api/v1] - Initializing Spring DispatcherServlet 'dispatcherServlet'
2025-11-17 15:50:47.485 [tomcat-handler-4] INFO  o.s.web.servlet.DispatcherServlet - Initializing Servlet 'dispatcherServlet'
2025-11-17 15:50:47.486 [tomcat-handler-4] INFO  o.s.web.servlet.DispatcherServlet - Completed initialization in 1 ms
2025-11-17 15:53:43.043 [tomcat-handler-10] ERROR e.t.v.c.JwtAuthenticationEntryPoint - Unauthorized access attempt to: /api/v1/auth/login - Full authentication is required to access this resource
2025-11-17 15:54:46.937 [tomcat-handler-12] ERROR e.t.v.c.JwtAuthenticationEntryPoint - Unauthorized access attempt to: /api/v1/auth/login - Full authentication is required to access this resource
2025-11-17 15:55:31.634 [tomcat-handler-14] ERROR e.t.v.c.JwtAuthenticationEntryPoint - Unauthorized access attempt to: /api/v1/auth/login - Full authentication is required to access this resource
2025-11-17 15:55:45.509 [tomcat-handler-15] ERROR e.t.v.c.JwtAuthenticationEntryPoint - Unauthorized access attempt to: /api/v1/auth/login - Full authentication is required to access this resource
2025-11-17 15:57:07.684 [SpringApplicationShutdownHook] INFO  o.s.b.w.e.tomcat.GracefulShutdown - Commencing graceful shutdown. Waiting for active requests to complete
2025-11-17 15:57:07.690 [tomcat-shutdown] INFO  o.s.b.w.e.tomcat.GracefulShutdown - Graceful shutdown complete
2025-11-17 15:57:07.695 [SpringApplicationShutdownHook] INFO  e.t.votacion.service.StorageService - Shutting down Storage Service
2025-11-17 15:57:07.695 [SpringApplicationShutdownHook] DEBUG e.t.votacion.service.StorageService - Master key cleared from memory
2025-11-17 15:57:18.783 [main] INFO  es.tfg.votacion.Application - Starting Application using Java 21.0.5 with PID 16621 (/home/ehuetadr/TFG/VotacionBC/backend-spring/target/classes started by ehuetadr in /home/ehuetadr/TFG/VotacionBC/backend-spring)
2025-11-17 15:57:18.786 [main] DEBUG es.tfg.votacion.Application - Running with Spring Boot v3.5.7, Spring v6.2.12
2025-11-17 15:57:18.787 [main] INFO  es.tfg.votacion.Application - No active profile set, falling back to 1 default profile: "default"
2025-11-17 15:57:19.899 [main] INFO  o.s.b.w.e.tomcat.TomcatWebServer - Tomcat initialized with port 8080 (http)
2025-11-17 15:57:19.907 [main] INFO  o.a.catalina.core.StandardService - Starting service [Tomcat]
2025-11-17 15:57:19.908 [main] INFO  o.a.catalina.core.StandardEngine - Starting Servlet engine: [Apache Tomcat/10.1.48]
2025-11-17 15:57:19.946 [main] INFO  o.a.c.c.C.[.[localhost].[/api/v1] - Initializing Spring embedded WebApplicationContext
2025-11-17 15:57:19.947 [main] INFO  o.s.b.w.s.c.ServletWebServerApplicationContext - Root WebApplicationContext: initialization completed in 1102 ms
2025-11-17 15:57:19.996 [main] INFO  es.tfg.votacion.service.AuthService - Initializing Authentication Service (Mock Mode)
2025-11-17 15:57:19.997 [main] DEBUG es.tfg.votacion.service.AuthService - Loading mock users from: /home/ehuetadr/TFG/VotacionBC/backend-spring/src/main/resources/mock/users.json
2025-11-17 15:57:20.014 [main] DEBUG es.tfg.votacion.service.AuthService - Loaded user: juan.perez (role: Votante (voter), active: true)
2025-11-17 15:57:20.014 [main] DEBUG es.tfg.votacion.service.AuthService - Loaded user: maria.gonzalez (role: Votante (voter), active: true)
2025-11-17 15:57:20.015 [main] DEBUG es.tfg.votacion.service.AuthService - Loaded user: admin (role: Administrador (admin), active: true)
2025-11-17 15:57:20.015 [main] DEBUG es.tfg.votacion.service.AuthService - Loaded user: auditor (role: Auditor (auditor), active: true)
2025-11-17 15:57:20.016 [main] DEBUG es.tfg.votacion.service.AuthService - Loaded user: carlos.martin (role: Votante (voter), active: true)
2025-11-17 15:57:20.016 [main] DEBUG es.tfg.votacion.service.AuthService - Loaded user: ana.rodriguez (role: Votante (voter), active: true)
2025-11-17 15:57:20.017 [main] DEBUG es.tfg.votacion.service.AuthService - Loaded user: pedro.lopez (role: Administrador (admin), active: true)
2025-11-17 15:57:20.017 [main] DEBUG es.tfg.votacion.service.AuthService - Loaded user: lucia.garcia (role: Votante (voter), active: false)
2025-11-17 15:57:20.017 [main] DEBUG es.tfg.votacion.service.AuthService - Loaded user: test.user (role: Votante (voter), active: true)
2025-11-17 15:57:20.017 [main] INFO  es.tfg.votacion.service.AuthService - Loaded 9 mock users from /home/ehuetadr/TFG/VotacionBC/backend-spring/src/main/resources/mock/users.json
2025-11-17 15:57:20.019 [main] DEBUG es.tfg.votacion.service.AuthService - JWT signing key initialized with HS256 algorithm
2025-11-17 15:57:20.019 [main] INFO  es.tfg.votacion.service.AuthService - JWT signing key initialized successfully
2025-11-17 15:57:20.020 [main] DEBUG es.tfg.votacion.service.AuthService - JWT issuer: votacion-blockchain-poc
2025-11-17 15:57:20.020 [main] DEBUG es.tfg.votacion.service.AuthService - JWT audience: voting-system
2025-11-17 15:57:20.020 [main] DEBUG es.tfg.votacion.service.AuthService - JWT expiration: 3600 seconds
2025-11-17 15:57:20.020 [main] DEBUG es.tfg.votacion.service.AuthService - Allowed roles: [voter, admin, auditor]
2025-11-17 15:57:20.020 [main] WARN  es.tfg.votacion.service.AuthService - Running in MOCK authentication mode - not suitable for production!
2025-11-17 15:57:20.055 [main] DEBUG e.t.v.config.JwtAuthenticationFilter - Filter 'jwtAuthenticationFilter' configured for use
2025-11-17 15:57:20.088 [main] INFO  e.t.votacion.service.ElectionService - Initializing ElectionService with mock elections
2025-11-17 15:57:20.089 [main] INFO  e.t.votacion.service.ElectionService - Created 3 mock elections
2025-11-17 15:57:20.106 [main] INFO  e.tfg.votacion.service.FabricService - Initializing Hyperledger Fabric Gateway connection
2025-11-17 15:57:20.107 [main] INFO  e.tfg.votacion.service.FabricService - Attempting to connect to Fabric network...
2025-11-17 15:57:20.107 [main] DEBUG e.tfg.votacion.service.FabricService - Connection profile: /home/ehuetadr/fabric/fabric-samples/test-network/organizations/peerOrganizations/org1.example.com/connection-org1.json
2025-11-17 15:57:20.107 [main] DEBUG e.tfg.votacion.service.FabricService - Wallet path: /home/ehuetadr/TFG/VotacionBC/backend-spring/wallet
2025-11-17 15:57:20.107 [main] DEBUG e.tfg.votacion.service.FabricService - User: appUser
2025-11-17 15:57:20.108 [main] DEBUG e.tfg.votacion.service.FabricService - Channel: electionchannel
2025-11-17 15:57:20.108 [main] DEBUG e.tfg.votacion.service.FabricService - Chaincode: electioncc
2025-11-17 15:57:20.108 [main] WARN  e.tfg.votacion.service.FabricService - Using MOCK Fabric connection for PoC development
2025-11-17 15:57:20.108 [main] WARN  e.tfg.votacion.service.FabricService - To use real Fabric connection, implement proper Gateway initialization
2025-11-17 15:57:20.109 [main] INFO  e.tfg.votacion.service.FabricService - Successfully connected to Hyperledger Fabric network
2025-11-17 15:57:20.121 [main] INFO  e.t.votacion.service.StorageService - Initializing Storage Service with AES-GCM encryption
2025-11-17 15:57:20.121 [main] DEBUG e.t.votacion.service.StorageService - Loading encryption key from keystore: /home/ehuetadr/TFG/VotacionBC/backend-spring/src/main/resources/keystore/keystore.json
2025-11-17 15:57:20.125 [main] DEBUG e.t.votacion.service.StorageService - Keystore loaded - algorithm: AES/GCM/NoPadding, key length: 256 bits
2025-11-17 15:57:20.127 [main] INFO  e.t.votacion.service.StorageService - Encryption key loaded and validated successfully
2025-11-17 15:57:20.127 [main] INFO  e.t.votacion.service.StorageService - Encryption key loaded successfully from keystore
2025-11-17 15:57:20.128 [main] INFO  e.t.votacion.service.StorageService - Storage directory initialized: /home/ehuetadr/TFG/VotacionBC/backend-spring/data/storage
2025-11-17 15:57:20.128 [main] DEBUG e.t.votacion.service.StorageService - Encryption algorithm: AES/GCM/NoPadding
2025-11-17 15:57:20.128 [main] DEBUG e.t.votacion.service.StorageService - Key length: 256 bits
2025-11-17 15:57:20.129 [main] DEBUG e.t.votacion.service.StorageService - IV length: 12 bytes
2025-11-17 15:57:20.129 [main] DEBUG e.t.votacion.service.StorageService - Tag length: 128 bits
2025-11-17 15:57:20.129 [main] INFO  e.t.votacion.service.StorageService - Automatic cleanup enabled - retention: 30 days
2025-11-17 15:57:20.352 [main] WARN  o.s.b.a.s.s.UserDetailsServiceAutoConfiguration - 

Using generated security password: a8584474-53e6-4e4d-9ac4-969d2eca5b40

This generated password is for development use only. Your security configuration must be updated before running your application in production.

2025-11-17 15:57:20.356 [main] INFO  o.s.s.c.a.a.c.InitializeUserDetailsBeanManagerConfigurer$InitializeUserDetailsManagerConfigurer - Global AuthenticationManager configured with UserDetailsService bean with name inMemoryUserDetailsManager
2025-11-17 15:57:20.385 [main] INFO  e.tfg.votacion.config.SecurityConfig - Configuring Spring Security with JWT authentication
2025-11-17 15:57:20.386 [main] INFO  e.tfg.votacion.config.SecurityConfig - Configuring CORS for development environment
2025-11-17 15:57:20.402 [main] INFO  e.tfg.votacion.config.SecurityConfig - Spring Security configured successfully
2025-11-17 15:57:20.638 [main] INFO  o.s.b.w.e.tomcat.TomcatWebServer - Tomcat started on port 8080 (http) with context path '/api/v1'
2025-11-17 15:57:20.647 [main] INFO  es.tfg.votacion.Application - Started Application in 2.425 seconds (process running for 2.711)
2025-11-17 15:58:03.751 [SpringApplicationShutdownHook] INFO  o.s.b.w.e.tomcat.GracefulShutdown - Commencing graceful shutdown. Waiting for active requests to complete
2025-11-17 15:58:03.756 [tomcat-shutdown] INFO  o.s.b.w.e.tomcat.GracefulShutdown - Graceful shutdown complete
2025-11-17 15:58:03.758 [SpringApplicationShutdownHook] INFO  e.t.votacion.service.StorageService - Shutting down Storage Service
2025-11-17 15:58:03.758 [SpringApplicationShutdownHook] DEBUG e.t.votacion.service.StorageService - Master key cleared from memory
2025-11-17 15:58:17.002 [main] INFO  es.tfg.votacion.Application - Starting Application using Java 21.0.5 with PID 17696 (/home/ehuetadr/TFG/VotacionBC/backend-spring/target/classes started by ehuetadr in /home/ehuetadr/TFG/VotacionBC/backend-spring)
2025-11-17 15:58:17.004 [main] DEBUG es.tfg.votacion.Application - Running with Spring Boot v3.5.7, Spring v6.2.12
2025-11-17 15:58:17.006 [main] INFO  es.tfg.votacion.Application - No active profile set, falling back to 1 default profile: "default"
2025-11-17 15:58:17.964 [main] INFO  o.s.b.w.e.tomcat.TomcatWebServer - Tomcat initialized with port 8080 (http)
2025-11-17 15:58:17.974 [main] INFO  o.a.catalina.core.StandardService - Starting service [Tomcat]
2025-11-17 15:58:17.975 [main] INFO  o.a.catalina.core.StandardEngine - Starting Servlet engine: [Apache Tomcat/10.1.48]
2025-11-17 15:58:18.012 [main] INFO  o.a.c.c.C.[.[localhost].[/api/v1] - Initializing Spring embedded WebApplicationContext
2025-11-17 15:58:18.012 [main] INFO  o.s.b.w.s.c.ServletWebServerApplicationContext - Root WebApplicationContext: initialization completed in 951 ms
2025-11-17 15:58:18.060 [main] INFO  es.tfg.votacion.service.AuthService - Initializing Authentication Service (Mock Mode)
2025-11-17 15:58:18.060 [main] DEBUG es.tfg.votacion.service.AuthService - Loading mock users from: /home/ehuetadr/TFG/VotacionBC/backend-spring/src/main/resources/mock/users.json
2025-11-17 15:58:18.076 [main] DEBUG es.tfg.votacion.service.AuthService - Loaded user: juan.perez (role: Votante (voter), active: true)
2025-11-17 15:58:18.077 [main] DEBUG es.tfg.votacion.service.AuthService - Loaded user: maria.gonzalez (role: Votante (voter), active: true)
2025-11-17 15:58:18.077 [main] DEBUG es.tfg.votacion.service.AuthService - Loaded user: admin (role: Administrador (admin), active: true)
2025-11-17 15:58:18.077 [main] DEBUG es.tfg.votacion.service.AuthService - Loaded user: auditor (role: Auditor (auditor), active: true)
2025-11-17 15:58:18.078 [main] DEBUG es.tfg.votacion.service.AuthService - Loaded user: carlos.martin (role: Votante (voter), active: true)
2025-11-17 15:58:18.078 [main] DEBUG es.tfg.votacion.service.AuthService - Loaded user: ana.rodriguez (role: Votante (voter), active: true)
2025-11-17 15:58:18.078 [main] DEBUG es.tfg.votacion.service.AuthService - Loaded user: pedro.lopez (role: Administrador (admin), active: true)
2025-11-17 15:58:18.079 [main] DEBUG es.tfg.votacion.service.AuthService - Loaded user: lucia.garcia (role: Votante (voter), active: false)
2025-11-17 15:58:18.079 [main] DEBUG es.tfg.votacion.service.AuthService - Loaded user: test.user (role: Votante (voter), active: true)
2025-11-17 15:58:18.079 [main] INFO  es.tfg.votacion.service.AuthService - Loaded 9 mock users from /home/ehuetadr/TFG/VotacionBC/backend-spring/src/main/resources/mock/users.json
2025-11-17 15:58:18.081 [main] DEBUG es.tfg.votacion.service.AuthService - JWT signing key initialized with HS256 algorithm
2025-11-17 15:58:18.081 [main] INFO  es.tfg.votacion.service.AuthService - JWT signing key initialized successfully
2025-11-17 15:58:18.081 [main] DEBUG es.tfg.votacion.service.AuthService - JWT issuer: votacion-blockchain-poc
2025-11-17 15:58:18.081 [main] DEBUG es.tfg.votacion.service.AuthService - JWT audience: voting-system
2025-11-17 15:58:18.081 [main] DEBUG es.tfg.votacion.service.AuthService - JWT expiration: 3600 seconds
2025-11-17 15:58:18.082 [main] DEBUG es.tfg.votacion.service.AuthService - Allowed roles: [voter, admin, auditor]
2025-11-17 15:58:18.082 [main] WARN  es.tfg.votacion.service.AuthService - Running in MOCK authentication mode - not suitable for production!
2025-11-17 15:58:18.110 [main] DEBUG e.t.v.config.JwtAuthenticationFilter - Filter 'jwtAuthenticationFilter' configured for use
2025-11-17 15:58:18.140 [main] INFO  e.t.votacion.service.ElectionService - Initializing ElectionService with mock elections
2025-11-17 15:58:18.141 [main] INFO  e.t.votacion.service.ElectionService - Created 3 mock elections
2025-11-17 15:58:18.158 [main] INFO  e.tfg.votacion.service.FabricService - Initializing Hyperledger Fabric Gateway connection
2025-11-17 15:58:18.158 [main] INFO  e.tfg.votacion.service.FabricService - Attempting to connect to Fabric network...
2025-11-17 15:58:18.158 [main] DEBUG e.tfg.votacion.service.FabricService - Connection profile: /home/ehuetadr/fabric/fabric-samples/test-network/organizations/peerOrganizations/org1.example.com/connection-org1.json
2025-11-17 15:58:18.158 [main] DEBUG e.tfg.votacion.service.FabricService - Wallet path: /home/ehuetadr/TFG/VotacionBC/backend-spring/wallet
2025-11-17 15:58:18.158 [main] DEBUG e.tfg.votacion.service.FabricService - User: appUser
2025-11-17 15:58:18.158 [main] DEBUG e.tfg.votacion.service.FabricService - Channel: electionchannel
2025-11-17 15:58:18.158 [main] DEBUG e.tfg.votacion.service.FabricService - Chaincode: electioncc
2025-11-17 15:58:18.159 [main] WARN  e.tfg.votacion.service.FabricService - Using MOCK Fabric connection for PoC development
2025-11-17 15:58:18.159 [main] WARN  e.tfg.votacion.service.FabricService - To use real Fabric connection, implement proper Gateway initialization
2025-11-17 15:58:18.159 [main] INFO  e.tfg.votacion.service.FabricService - Successfully connected to Hyperledger Fabric network
2025-11-17 15:58:18.173 [main] INFO  e.t.votacion.service.StorageService - Initializing Storage Service with AES-GCM encryption
2025-11-17 15:58:18.173 [main] DEBUG e.t.votacion.service.StorageService - Loading encryption key from keystore: /home/ehuetadr/TFG/VotacionBC/backend-spring/src/main/resources/keystore/keystore.json
2025-11-17 15:58:18.178 [main] DEBUG e.t.votacion.service.StorageService - Keystore loaded - algorithm: AES/GCM/NoPadding, key length: 256 bits
2025-11-17 15:58:18.179 [main] INFO  e.t.votacion.service.StorageService - Encryption key loaded and validated successfully
2025-11-17 15:58:18.179 [main] INFO  e.t.votacion.service.StorageService - Encryption key loaded successfully from keystore
2025-11-17 15:58:18.180 [main] INFO  e.t.votacion.service.StorageService - Storage directory initialized: /home/ehuetadr/TFG/VotacionBC/backend-spring/data/storage
2025-11-17 15:58:18.180 [main] DEBUG e.t.votacion.service.StorageService - Encryption algorithm: AES/GCM/NoPadding
2025-11-17 15:58:18.180 [main] DEBUG e.t.votacion.service.StorageService - Key length: 256 bits
2025-11-17 15:58:18.180 [main] DEBUG e.t.votacion.service.StorageService - IV length: 12 bytes
2025-11-17 15:58:18.180 [main] DEBUG e.t.votacion.service.StorageService - Tag length: 128 bits
2025-11-17 15:58:18.180 [main] INFO  e.t.votacion.service.StorageService - Automatic cleanup enabled - retention: 30 days
2025-11-17 15:58:18.383 [main] WARN  o.s.b.a.s.s.UserDetailsServiceAutoConfiguration - 

Using generated security password: 7440be36-005a-43b1-ae34-10da34663f0a

This generated password is for development use only. Your security configuration must be updated before running your application in production.

2025-11-17 15:58:18.387 [main] INFO  o.s.s.c.a.a.c.InitializeUserDetailsBeanManagerConfigurer$InitializeUserDetailsManagerConfigurer - Global AuthenticationManager configured with UserDetailsService bean with name inMemoryUserDetailsManager
2025-11-17 15:58:18.416 [main] INFO  e.tfg.votacion.config.SecurityConfig - Configuring Spring Security with JWT authentication
2025-11-17 15:58:18.418 [main] INFO  e.tfg.votacion.config.SecurityConfig - Configuring CORS for development environment
2025-11-17 15:58:18.444 [main] INFO  e.tfg.votacion.config.SecurityConfig - Spring Security configured successfully
2025-11-17 15:58:18.636 [main] INFO  o.s.b.w.e.tomcat.TomcatWebServer - Tomcat started on port 8080 (http) with context path '/api/v1'
2025-11-17 15:58:18.647 [main] INFO  es.tfg.votacion.Application - Started Application in 2.222 seconds (process running for 2.542)
2025-11-17 15:58:32.308 [SpringApplicationShutdownHook] INFO  o.s.b.w.e.tomcat.GracefulShutdown - Commencing graceful shutdown. Waiting for active requests to complete
2025-11-17 15:58:32.318 [tomcat-shutdown] INFO  o.s.b.w.e.tomcat.GracefulShutdown - Graceful shutdown complete
2025-11-17 15:58:32.320 [SpringApplicationShutdownHook] INFO  e.t.votacion.service.StorageService - Shutting down Storage Service
2025-11-17 15:58:32.321 [SpringApplicationShutdownHook] DEBUG e.t.votacion.service.StorageService - Master key cleared from memory
2025-11-17 15:59:10.191 [main] INFO  es.tfg.votacion.Application - Starting Application using Java 21.0.5 with PID 18437 (/home/ehuetadr/TFG/VotacionBC/backend-spring/target/classes started by ehuetadr in /home/ehuetadr/TFG/VotacionBC/backend-spring)
2025-11-17 15:59:10.193 [main] DEBUG es.tfg.votacion.Application - Running with Spring Boot v3.5.7, Spring v6.2.12
2025-11-17 15:59:10.194 [main] INFO  es.tfg.votacion.Application - No active profile set, falling back to 1 default profile: "default"
2025-11-17 15:59:10.890 [main] INFO  o.s.b.w.e.tomcat.TomcatWebServer - Tomcat initialized with port 8080 (http)
2025-11-17 15:59:10.897 [main] INFO  o.a.catalina.core.StandardService - Starting service [Tomcat]
2025-11-17 15:59:10.898 [main] INFO  o.a.catalina.core.StandardEngine - Starting Servlet engine: [Apache Tomcat/10.1.48]
2025-11-17 15:59:10.926 [main] INFO  o.a.c.c.C.[.[localhost].[/api/v1] - Initializing Spring embedded WebApplicationContext
2025-11-17 15:59:10.926 [main] INFO  o.s.b.w.s.c.ServletWebServerApplicationContext - Root WebApplicationContext: initialization completed in 674 ms
2025-11-17 15:59:10.957 [main] INFO  es.tfg.votacion.service.AuthService - Initializing Authentication Service (Mock Mode)
2025-11-17 15:59:10.957 [main] DEBUG es.tfg.votacion.service.AuthService - Loading mock users from: /home/ehuetadr/TFG/VotacionBC/backend-spring/src/main/resources/mock/users.json
2025-11-17 15:59:10.968 [main] DEBUG es.tfg.votacion.service.AuthService - Loaded user: juan.perez (role: Votante (voter), active: true)
2025-11-17 15:59:10.969 [main] DEBUG es.tfg.votacion.service.AuthService - Loaded user: maria.gonzalez (role: Votante (voter), active: true)
2025-11-17 15:59:10.969 [main] DEBUG es.tfg.votacion.service.AuthService - Loaded user: admin (role: Administrador (admin), active: true)
2025-11-17 15:59:10.969 [main] DEBUG es.tfg.votacion.service.AuthService - Loaded user: auditor (role: Auditor (auditor), active: true)
2025-11-17 15:59:10.970 [main] DEBUG es.tfg.votacion.service.AuthService - Loaded user: carlos.martin (role: Votante (voter), active: true)
2025-11-17 15:59:10.970 [main] DEBUG es.tfg.votacion.service.AuthService - Loaded user: ana.rodriguez (role: Votante (voter), active: true)
2025-11-17 15:59:10.970 [main] DEBUG es.tfg.votacion.service.AuthService - Loaded user: pedro.lopez (role: Administrador (admin), active: true)
2025-11-17 15:59:10.971 [main] DEBUG es.tfg.votacion.service.AuthService - Loaded user: lucia.garcia (role: Votante (voter), active: false)
2025-11-17 15:59:10.971 [main] DEBUG es.tfg.votacion.service.AuthService - Loaded user: test.user (role: Votante (voter), active: true)
2025-11-17 15:59:10.971 [main] INFO  es.tfg.votacion.service.AuthService - Loaded 9 mock users from /home/ehuetadr/TFG/VotacionBC/backend-spring/src/main/resources/mock/users.json
2025-11-17 15:59:10.973 [main] DEBUG es.tfg.votacion.service.AuthService - JWT signing key initialized with HS256 algorithm
2025-11-17 15:59:10.974 [main] INFO  es.tfg.votacion.service.AuthService - JWT signing key initialized successfully
2025-11-17 15:59:10.974 [main] DEBUG es.tfg.votacion.service.AuthService - JWT issuer: votacion-blockchain-poc
2025-11-17 15:59:10.974 [main] DEBUG es.tfg.votacion.service.AuthService - JWT audience: voting-system
2025-11-17 15:59:10.974 [main] DEBUG es.tfg.votacion.service.AuthService - JWT expiration: 3600 seconds
2025-11-17 15:59:10.974 [main] DEBUG es.tfg.votacion.service.AuthService - Allowed roles: [voter, admin, auditor]
2025-11-17 15:59:10.974 [main] WARN  es.tfg.votacion.service.AuthService - Running in MOCK authentication mode - not suitable for production!
2025-11-17 15:59:10.999 [main] DEBUG e.t.v.config.JwtAuthenticationFilter - Filter 'jwtAuthenticationFilter' configured for use
2025-11-17 15:59:11.021 [main] INFO  e.t.votacion.service.ElectionService - Initializing ElectionService with mock elections
2025-11-17 15:59:11.022 [main] INFO  e.t.votacion.service.ElectionService - Created 3 mock elections
2025-11-17 15:59:11.037 [main] INFO  e.tfg.votacion.service.FabricService - Initializing Hyperledger Fabric Gateway connection
2025-11-17 15:59:11.037 [main] INFO  e.tfg.votacion.service.FabricService - Attempting to connect to Fabric network...
2025-11-17 15:59:11.037 [main] DEBUG e.tfg.votacion.service.FabricService - Connection profile: /home/ehuetadr/fabric/fabric-samples/test-network/organizations/peerOrganizations/org1.example.com/connection-org1.json
2025-11-17 15:59:11.037 [main] DEBUG e.tfg.votacion.service.FabricService - Wallet path: /home/ehuetadr/TFG/VotacionBC/backend-spring/wallet
2025-11-17 15:59:11.037 [main] DEBUG e.tfg.votacion.service.FabricService - User: appUser
2025-11-17 15:59:11.037 [main] DEBUG e.tfg.votacion.service.FabricService - Channel: electionchannel
2025-11-17 15:59:11.037 [main] DEBUG e.tfg.votacion.service.FabricService - Chaincode: electioncc
2025-11-17 15:59:11.038 [main] WARN  e.tfg.votacion.service.FabricService - Using MOCK Fabric connection for PoC development
2025-11-17 15:59:11.038 [main] WARN  e.tfg.votacion.service.FabricService - To use real Fabric connection, implement proper Gateway initialization
2025-11-17 15:59:11.038 [main] INFO  e.tfg.votacion.service.FabricService - Successfully connected to Hyperledger Fabric network
2025-11-17 15:59:11.049 [main] INFO  e.t.votacion.service.StorageService - Initializing Storage Service with AES-GCM encryption
2025-11-17 15:59:11.050 [main] DEBUG e.t.votacion.service.StorageService - Loading encryption key from keystore: /home/ehuetadr/TFG/VotacionBC/backend-spring/src/main/resources/keystore/keystore.json
2025-11-17 15:59:11.053 [main] DEBUG e.t.votacion.service.StorageService - Keystore loaded - algorithm: AES/GCM/NoPadding, key length: 256 bits
2025-11-17 15:59:11.053 [main] INFO  e.t.votacion.service.StorageService - Encryption key loaded and validated successfully
2025-11-17 15:59:11.053 [main] INFO  e.t.votacion.service.StorageService - Encryption key loaded successfully from keystore
2025-11-17 15:59:11.053 [main] INFO  e.t.votacion.service.StorageService - Storage directory initialized: /home/ehuetadr/TFG/VotacionBC/backend-spring/data/storage
2025-11-17 15:59:11.053 [main] DEBUG e.t.votacion.service.StorageService - Encryption algorithm: AES/GCM/NoPadding
2025-11-17 15:59:11.053 [main] DEBUG e.t.votacion.service.StorageService - Key length: 256 bits
2025-11-17 15:59:11.054 [main] DEBUG e.t.votacion.service.StorageService - IV length: 12 bytes
2025-11-17 15:59:11.054 [main] DEBUG e.t.votacion.service.StorageService - Tag length: 128 bits
2025-11-17 15:59:11.054 [main] INFO  e.t.votacion.service.StorageService - Automatic cleanup enabled - retention: 30 days
2025-11-17 15:59:11.237 [main] WARN  o.s.b.a.s.s.UserDetailsServiceAutoConfiguration - 

Using generated security password: d6ef018a-8ad6-42b0-bdc9-c83e10c969ae

This generated password is for development use only. Your security configuration must be updated before running your application in production.

2025-11-17 15:59:11.241 [main] INFO  o.s.s.c.a.a.c.InitializeUserDetailsBeanManagerConfigurer$InitializeUserDetailsManagerConfigurer - Global AuthenticationManager configured with UserDetailsService bean with name inMemoryUserDetailsManager
2025-11-17 15:59:11.272 [main] INFO  e.tfg.votacion.config.SecurityConfig - Configuring Spring Security with JWT authentication
2025-11-17 15:59:11.273 [main] INFO  e.tfg.votacion.config.SecurityConfig - Configuring CORS for development environment
2025-11-17 15:59:11.289 [main] INFO  e.tfg.votacion.config.SecurityConfig - Spring Security configured successfully
2025-11-17 15:59:11.454 [main] INFO  o.s.b.w.e.tomcat.TomcatWebServer - Tomcat started on port 8080 (http) with context path '/api/v1'
2025-11-17 15:59:11.463 [main] INFO  es.tfg.votacion.Application - Started Application in 1.613 seconds (process running for 1.807)
2025-11-17 15:59:25.040 [tomcat-handler-0] INFO  o.a.c.c.C.[.[localhost].[/api/v1] - Initializing Spring DispatcherServlet 'dispatcherServlet'
2025-11-17 15:59:25.041 [tomcat-handler-0] INFO  o.s.web.servlet.DispatcherServlet - Initializing Servlet 'dispatcherServlet'
2025-11-17 15:59:25.042 [tomcat-handler-0] INFO  o.s.web.servlet.DispatcherServlet - Completed initialization in 1 ms
2025-11-17 15:59:25.077 [tomcat-handler-0] ERROR e.t.v.c.JwtAuthenticationEntryPoint - Unauthorized access attempt to: /api/v1/error - Full authentication is required to access this resource
2025-11-17 15:59:33.446 [tomcat-handler-1] ERROR e.t.v.c.JwtAuthenticationEntryPoint - Unauthorized access attempt to: /api/v1/error - Full authentication is required to access this resource
2025-11-17 15:59:53.869 [tomcat-handler-2] ERROR e.t.v.c.JwtAuthenticationEntryPoint - Unauthorized access attempt to: /api/v1/error - Full authentication is required to access this resource
2025-11-17 16:00:06.319 [SpringApplicationShutdownHook] INFO  o.s.b.w.e.tomcat.GracefulShutdown - Commencing graceful shutdown. Waiting for active requests to complete
2025-11-17 16:00:06.334 [tomcat-shutdown] INFO  o.s.b.w.e.tomcat.GracefulShutdown - Graceful shutdown complete
2025-11-17 16:00:06.339 [SpringApplicationShutdownHook] INFO  e.t.votacion.service.StorageService - Shutting down Storage Service
2025-11-17 16:00:06.339 [SpringApplicationShutdownHook] DEBUG e.t.votacion.service.StorageService - Master key cleared from memory
2025-11-17 16:01:08.721 [main] INFO  es.tfg.votacion.Application - Starting Application using Java 21.0.5 with PID 20085 (/home/ehuetadr/TFG/VotacionBC/backend-spring/target/classes started by ehuetadr in /home/ehuetadr/TFG/VotacionBC/backend-spring)
2025-11-17 16:01:08.723 [main] DEBUG es.tfg.votacion.Application - Running with Spring Boot v3.5.7, Spring v6.2.12
2025-11-17 16:01:08.725 [main] INFO  es.tfg.votacion.Application - No active profile set, falling back to 1 default profile: "default"
2025-11-17 16:01:09.513 [main] INFO  o.s.b.w.e.tomcat.TomcatWebServer - Tomcat initialized with port 8080 (http)
2025-11-17 16:01:09.523 [main] INFO  o.a.catalina.core.StandardService - Starting service [Tomcat]
2025-11-17 16:01:09.524 [main] INFO  o.a.catalina.core.StandardEngine - Starting Servlet engine: [Apache Tomcat/10.1.48]
2025-11-17 16:01:09.570 [main] INFO  o.a.c.c.C.[.[localhost].[/api/v1] - Initializing Spring embedded WebApplicationContext
2025-11-17 16:01:09.570 [main] INFO  o.s.b.w.s.c.ServletWebServerApplicationContext - Root WebApplicationContext: initialization completed in 801 ms
2025-11-17 16:01:09.613 [main] INFO  es.tfg.votacion.service.AuthService - Initializing Authentication Service (Mock Mode)
2025-11-17 16:01:09.613 [main] DEBUG es.tfg.votacion.service.AuthService - Loading mock users from: /home/ehuetadr/TFG/VotacionBC/backend-spring/src/main/resources/mock/users.json
2025-11-17 16:01:09.626 [main] DEBUG es.tfg.votacion.service.AuthService - Loaded user: juan.perez (role: Votante (voter), active: true)
2025-11-17 16:01:09.627 [main] DEBUG es.tfg.votacion.service.AuthService - Loaded user: maria.gonzalez (role: Votante (voter), active: true)
2025-11-17 16:01:09.627 [main] DEBUG es.tfg.votacion.service.AuthService - Loaded user: admin (role: Administrador (admin), active: true)
2025-11-17 16:01:09.627 [main] DEBUG es.tfg.votacion.service.AuthService - Loaded user: auditor (role: Auditor (auditor), active: true)
2025-11-17 16:01:09.628 [main] DEBUG es.tfg.votacion.service.AuthService - Loaded user: carlos.martin (role: Votante (voter), active: true)
2025-11-17 16:01:09.628 [main] DEBUG es.tfg.votacion.service.AuthService - Loaded user: ana.rodriguez (role: Votante (voter), active: true)
2025-11-17 16:01:09.628 [main] DEBUG es.tfg.votacion.service.AuthService - Loaded user: pedro.lopez (role: Administrador (admin), active: true)
2025-11-17 16:01:09.628 [main] DEBUG es.tfg.votacion.service.AuthService - Loaded user: lucia.garcia (role: Votante (voter), active: false)
2025-11-17 16:01:09.629 [main] DEBUG es.tfg.votacion.service.AuthService - Loaded user: test.user (role: Votante (voter), active: true)
2025-11-17 16:01:09.629 [main] INFO  es.tfg.votacion.service.AuthService - Loaded 9 mock users from /home/ehuetadr/TFG/VotacionBC/backend-spring/src/main/resources/mock/users.json
2025-11-17 16:01:09.631 [main] DEBUG es.tfg.votacion.service.AuthService - JWT signing key initialized with HS256 algorithm
2025-11-17 16:01:09.631 [main] INFO  es.tfg.votacion.service.AuthService - JWT signing key initialized successfully
2025-11-17 16:01:09.631 [main] DEBUG es.tfg.votacion.service.AuthService - JWT issuer: votacion-blockchain-poc
2025-11-17 16:01:09.631 [main] DEBUG es.tfg.votacion.service.AuthService - JWT audience: voting-system
2025-11-17 16:01:09.631 [main] DEBUG es.tfg.votacion.service.AuthService - JWT expiration: 3600 seconds
2025-11-17 16:01:09.631 [main] DEBUG es.tfg.votacion.service.AuthService - Allowed roles: [voter, admin, auditor]
2025-11-17 16:01:09.631 [main] WARN  es.tfg.votacion.service.AuthService - Running in MOCK authentication mode - not suitable for production!
2025-11-17 16:01:09.661 [main] DEBUG e.t.v.config.JwtAuthenticationFilter - Filter 'jwtAuthenticationFilter' configured for use
2025-11-17 16:01:09.690 [main] INFO  e.t.votacion.service.ElectionService - Initializing ElectionService with mock elections
2025-11-17 16:01:09.690 [main] INFO  e.t.votacion.service.ElectionService - Created 3 mock elections
2025-11-17 16:01:09.716 [main] INFO  e.tfg.votacion.service.FabricService - Initializing Hyperledger Fabric Gateway connection
2025-11-17 16:01:09.717 [main] INFO  e.tfg.votacion.service.FabricService - Attempting to connect to Fabric network...
2025-11-17 16:01:09.717 [main] DEBUG e.tfg.votacion.service.FabricService - Connection profile: /home/ehuetadr/fabric/fabric-samples/test-network/organizations/peerOrganizations/org1.example.com/connection-org1.json
2025-11-17 16:01:09.717 [main] DEBUG e.tfg.votacion.service.FabricService - Wallet path: /home/ehuetadr/TFG/VotacionBC/backend-spring/wallet
2025-11-17 16:01:09.718 [main] DEBUG e.tfg.votacion.service.FabricService - User: appUser
2025-11-17 16:01:09.718 [main] DEBUG e.tfg.votacion.service.FabricService - Channel: electionchannel
2025-11-17 16:01:09.719 [main] DEBUG e.tfg.votacion.service.FabricService - Chaincode: electioncc
2025-11-17 16:01:09.721 [main] WARN  e.tfg.votacion.service.FabricService - Using MOCK Fabric connection for PoC development
2025-11-17 16:01:09.721 [main] WARN  e.tfg.votacion.service.FabricService - To use real Fabric connection, implement proper Gateway initialization
2025-11-17 16:01:09.721 [main] INFO  e.tfg.votacion.service.FabricService - Successfully connected to Hyperledger Fabric network
2025-11-17 16:01:09.741 [main] INFO  e.t.votacion.service.StorageService - Initializing Storage Service with AES-GCM encryption
2025-11-17 16:01:09.741 [main] DEBUG e.t.votacion.service.StorageService - Loading encryption key from keystore: /home/ehuetadr/TFG/VotacionBC/backend-spring/src/main/resources/keystore/keystore.json
2025-11-17 16:01:09.749 [main] DEBUG e.t.votacion.service.StorageService - Keystore loaded - algorithm: AES/GCM/NoPadding, key length: 256 bits
2025-11-17 16:01:09.750 [main] INFO  e.t.votacion.service.StorageService - Encryption key loaded and validated successfully
2025-11-17 16:01:09.750 [main] INFO  e.t.votacion.service.StorageService - Encryption key loaded successfully from keystore
2025-11-17 16:01:09.751 [main] INFO  e.t.votacion.service.StorageService - Storage directory initialized: /home/ehuetadr/TFG/VotacionBC/backend-spring/data/storage
2025-11-17 16:01:09.751 [main] DEBUG e.t.votacion.service.StorageService - Encryption algorithm: AES/GCM/NoPadding
2025-11-17 16:01:09.751 [main] DEBUG e.t.votacion.service.StorageService - Key length: 256 bits
2025-11-17 16:01:09.751 [main] DEBUG e.t.votacion.service.StorageService - IV length: 12 bytes
2025-11-17 16:01:09.751 [main] DEBUG e.t.votacion.service.StorageService - Tag length: 128 bits
2025-11-17 16:01:09.751 [main] INFO  e.t.votacion.service.StorageService - Automatic cleanup enabled - retention: 30 days
2025-11-17 16:01:10.065 [main] WARN  o.s.b.a.s.s.UserDetailsServiceAutoConfiguration - 

Using generated security password: 5bb07407-6dba-4198-a722-b6d13eace7ca

This generated password is for development use only. Your security configuration must be updated before running your application in production.

2025-11-17 16:01:10.070 [main] INFO  o.s.s.c.a.a.c.InitializeUserDetailsBeanManagerConfigurer$InitializeUserDetailsManagerConfigurer - Global AuthenticationManager configured with UserDetailsService bean with name inMemoryUserDetailsManager
2025-11-17 16:01:10.116 [main] INFO  e.tfg.votacion.config.SecurityConfig - Configuring Spring Security with JWT authentication
2025-11-17 16:01:10.118 [main] INFO  e.tfg.votacion.config.SecurityConfig - Configuring CORS for development environment
2025-11-17 16:01:10.141 [main] INFO  e.tfg.votacion.config.SecurityConfig - Spring Security configured successfully
2025-11-17 16:01:10.411 [main] INFO  o.s.b.w.e.tomcat.TomcatWebServer - Tomcat started on port 8080 (http) with context path '/api/v1'
2025-11-17 16:01:10.425 [main] INFO  es.tfg.votacion.Application - Started Application in 2.115 seconds (process running for 2.393)
2025-11-17 16:01:29.532 [tomcat-handler-0] INFO  o.a.c.c.C.[.[localhost].[/api/v1] - Initializing Spring DispatcherServlet 'dispatcherServlet'
2025-11-17 16:01:29.533 [tomcat-handler-0] INFO  o.s.web.servlet.DispatcherServlet - Initializing Servlet 'dispatcherServlet'
2025-11-17 16:01:29.535 [tomcat-handler-0] INFO  o.s.web.servlet.DispatcherServlet - Completed initialization in 2 ms
2025-11-17 16:01:29.576 [tomcat-handler-0] ERROR e.t.v.c.JwtAuthenticationEntryPoint - Unauthorized access attempt to: /api/v1/error - Full authentication is required to access this resource
2025-11-17 16:03:34.799 [SpringApplicationShutdownHook] INFO  o.s.b.w.e.tomcat.GracefulShutdown - Commencing graceful shutdown. Waiting for active requests to complete
2025-11-17 16:03:34.807 [tomcat-shutdown] INFO  o.s.b.w.e.tomcat.GracefulShutdown - Graceful shutdown complete
2025-11-17 16:03:34.811 [SpringApplicationShutdownHook] INFO  e.t.votacion.service.StorageService - Shutting down Storage Service
2025-11-17 16:03:34.812 [SpringApplicationShutdownHook] DEBUG e.t.votacion.service.StorageService - Master key cleared from memory
2025-11-17 16:03:40.015 [main] INFO  es.tfg.votacion.Application - Starting Application using Java 21.0.5 with PID 21683 (/home/ehuetadr/TFG/VotacionBC/backend-spring/target/classes started by ehuetadr in /home/ehuetadr/TFG/VotacionBC/backend-spring)
2025-11-17 16:03:40.016 [main] DEBUG es.tfg.votacion.Application - Running with Spring Boot v3.5.7, Spring v6.2.12
2025-11-17 16:03:40.017 [main] INFO  es.tfg.votacion.Application - No active profile set, falling back to 1 default profile: "default"
2025-11-17 16:03:40.921 [main] INFO  o.s.b.w.e.tomcat.TomcatWebServer - Tomcat initialized with port 8080 (http)
2025-11-17 16:03:40.929 [main] INFO  o.a.catalina.core.StandardService - Starting service [Tomcat]
2025-11-17 16:03:40.930 [main] INFO  o.a.catalina.core.StandardEngine - Starting Servlet engine: [Apache Tomcat/10.1.48]
2025-11-17 16:03:40.961 [main] INFO  o.a.c.c.C.[.[localhost].[/api/v1] - Initializing Spring embedded WebApplicationContext
2025-11-17 16:03:40.961 [main] INFO  o.s.b.w.s.c.ServletWebServerApplicationContext - Root WebApplicationContext: initialization completed in 902 ms
2025-11-17 16:03:40.994 [main] INFO  es.tfg.votacion.service.AuthService - Initializing Authentication Service (Mock Mode)
2025-11-17 16:03:40.995 [main] DEBUG es.tfg.votacion.service.AuthService - Loading mock users from: /home/ehuetadr/TFG/VotacionBC/backend-spring/src/main/resources/mock/users.json
2025-11-17 16:03:41.006 [main] DEBUG es.tfg.votacion.service.AuthService - Loaded user: juan.perez (role: Votante (voter), active: true)
2025-11-17 16:03:41.007 [main] DEBUG es.tfg.votacion.service.AuthService - Loaded user: maria.gonzalez (role: Votante (voter), active: true)
2025-11-17 16:03:41.007 [main] DEBUG es.tfg.votacion.service.AuthService - Loaded user: admin (role: Administrador (admin), active: true)
2025-11-17 16:03:41.007 [main] DEBUG es.tfg.votacion.service.AuthService - Loaded user: auditor (role: Auditor (auditor), active: true)
2025-11-17 16:03:41.007 [main] DEBUG es.tfg.votacion.service.AuthService - Loaded user: carlos.martin (role: Votante (voter), active: true)
2025-11-17 16:03:41.007 [main] DEBUG es.tfg.votacion.service.AuthService - Loaded user: ana.rodriguez (role: Votante (voter), active: true)
2025-11-17 16:03:41.007 [main] DEBUG es.tfg.votacion.service.AuthService - Loaded user: pedro.lopez (role: Administrador (admin), active: true)
2025-11-17 16:03:41.007 [main] DEBUG es.tfg.votacion.service.AuthService - Loaded user: lucia.garcia (role: Votante (voter), active: false)
2025-11-17 16:03:41.007 [main] DEBUG es.tfg.votacion.service.AuthService - Loaded user: test.user (role: Votante (voter), active: true)
2025-11-17 16:03:41.008 [main] INFO  es.tfg.votacion.service.AuthService - Loaded 9 mock users from /home/ehuetadr/TFG/VotacionBC/backend-spring/src/main/resources/mock/users.json
2025-11-17 16:03:41.009 [main] DEBUG es.tfg.votacion.service.AuthService - JWT signing key initialized with HS256 algorithm
2025-11-17 16:03:41.010 [main] INFO  es.tfg.votacion.service.AuthService - JWT signing key initialized successfully
2025-11-17 16:03:41.010 [main] DEBUG es.tfg.votacion.service.AuthService - JWT issuer: votacion-blockchain-poc
2025-11-17 16:03:41.010 [main] DEBUG es.tfg.votacion.service.AuthService - JWT audience: voting-system
2025-11-17 16:03:41.010 [main] DEBUG es.tfg.votacion.service.AuthService - JWT expiration: 3600 seconds
2025-11-17 16:03:41.010 [main] DEBUG es.tfg.votacion.service.AuthService - Allowed roles: [voter, admin, auditor]
2025-11-17 16:03:41.010 [main] WARN  es.tfg.votacion.service.AuthService - Running in MOCK authentication mode - not suitable for production!
2025-11-17 16:03:41.037 [main] DEBUG e.t.v.config.JwtAuthenticationFilter - Filter 'jwtAuthenticationFilter' configured for use
2025-11-17 16:03:41.059 [main] INFO  e.t.votacion.service.ElectionService - Initializing ElectionService with mock elections
2025-11-17 16:03:41.060 [main] INFO  e.t.votacion.service.ElectionService - Created 3 mock elections
2025-11-17 16:03:41.073 [main] INFO  e.tfg.votacion.service.FabricService - Initializing Hyperledger Fabric Gateway connection
2025-11-17 16:03:41.074 [main] INFO  e.tfg.votacion.service.FabricService - Attempting to connect to Fabric network...
2025-11-17 16:03:41.074 [main] DEBUG e.tfg.votacion.service.FabricService - Connection profile: /home/ehuetadr/fabric/fabric-samples/test-network/organizations/peerOrganizations/org1.example.com/connection-org1.json
2025-11-17 16:03:41.074 [main] DEBUG e.tfg.votacion.service.FabricService - Wallet path: /home/ehuetadr/TFG/VotacionBC/backend-spring/wallet
2025-11-17 16:03:41.074 [main] DEBUG e.tfg.votacion.service.FabricService - User: appUser
2025-11-17 16:03:41.074 [main] DEBUG e.tfg.votacion.service.FabricService - Channel: electionchannel
2025-11-17 16:03:41.074 [main] DEBUG e.tfg.votacion.service.FabricService - Chaincode: electioncc
2025-11-17 16:03:41.074 [main] WARN  e.tfg.votacion.service.FabricService - Using MOCK Fabric connection for PoC development
2025-11-17 16:03:41.074 [main] WARN  e.tfg.votacion.service.FabricService - To use real Fabric connection, implement proper Gateway initialization
2025-11-17 16:03:41.074 [main] INFO  e.tfg.votacion.service.FabricService - Successfully connected to Hyperledger Fabric network
2025-11-17 16:03:41.083 [main] INFO  e.t.votacion.service.StorageService - Initializing Storage Service with AES-GCM encryption
2025-11-17 16:03:41.084 [main] DEBUG e.t.votacion.service.StorageService - Loading encryption key from keystore: /home/ehuetadr/TFG/VotacionBC/backend-spring/src/main/resources/keystore/keystore.json
2025-11-17 16:03:41.087 [main] DEBUG e.t.votacion.service.StorageService - Keystore loaded - algorithm: AES/GCM/NoPadding, key length: 256 bits
2025-11-17 16:03:41.087 [main] INFO  e.t.votacion.service.StorageService - Encryption key loaded and validated successfully
2025-11-17 16:03:41.087 [main] INFO  e.t.votacion.service.StorageService - Encryption key loaded successfully from keystore
2025-11-17 16:03:41.088 [main] INFO  e.t.votacion.service.StorageService - Storage directory initialized: /home/ehuetadr/TFG/VotacionBC/backend-spring/data/storage
2025-11-17 16:03:41.088 [main] DEBUG e.t.votacion.service.StorageService - Encryption algorithm: AES/GCM/NoPadding
2025-11-17 16:03:41.088 [main] DEBUG e.t.votacion.service.StorageService - Key length: 256 bits
2025-11-17 16:03:41.088 [main] DEBUG e.t.votacion.service.StorageService - IV length: 12 bytes
2025-11-17 16:03:41.088 [main] DEBUG e.t.votacion.service.StorageService - Tag length: 128 bits
2025-11-17 16:03:41.088 [main] INFO  e.t.votacion.service.StorageService - Automatic cleanup enabled - retention: 30 days
2025-11-17 16:03:41.283 [main] WARN  o.s.b.a.s.s.UserDetailsServiceAutoConfiguration - 

Using generated security password: cf91e997-183e-4991-9ea4-6a63f29d0eec

This generated password is for development use only. Your security configuration must be updated before running your application in production.

2025-11-17 16:03:41.288 [main] INFO  o.s.s.c.a.a.c.InitializeUserDetailsBeanManagerConfigurer$InitializeUserDetailsManagerConfigurer - Global AuthenticationManager configured with UserDetailsService bean with name inMemoryUserDetailsManager
2025-11-17 16:03:41.316 [main] INFO  e.tfg.votacion.config.SecurityConfig - Configuring Spring Security with JWT authentication
2025-11-17 16:03:41.317 [main] INFO  e.tfg.votacion.config.SecurityConfig - Configuring CORS for development environment
2025-11-17 16:03:41.333 [main] INFO  e.tfg.votacion.config.SecurityConfig - Spring Security configured successfully
2025-11-17 16:03:41.515 [main] INFO  o.s.b.w.e.tomcat.TomcatWebServer - Tomcat started on port 8080 (http) with context path '/api/v1'
2025-11-17 16:03:41.521 [main] INFO  es.tfg.votacion.Application - Started Application in 1.886 seconds (process running for 2.126)
2025-11-17 16:03:52.692 [tomcat-handler-1] INFO  o.a.c.c.C.[.[localhost].[/api/v1] - Initializing Spring DispatcherServlet 'dispatcherServlet'
2025-11-17 16:03:52.693 [tomcat-handler-1] INFO  o.s.web.servlet.DispatcherServlet - Initializing Servlet 'dispatcherServlet'
2025-11-17 16:03:52.694 [tomcat-handler-1] INFO  o.s.web.servlet.DispatcherServlet - Completed initialization in 1 ms
2025-11-17 16:04:40.131 [SpringApplicationShutdownHook] INFO  o.s.b.w.e.tomcat.GracefulShutdown - Commencing graceful shutdown. Waiting for active requests to complete
2025-11-17 16:04:40.136 [tomcat-shutdown] INFO  o.s.b.w.e.tomcat.GracefulShutdown - Graceful shutdown complete
2025-11-17 16:04:40.139 [SpringApplicationShutdownHook] INFO  e.t.votacion.service.StorageService - Shutting down Storage Service
2025-11-17 16:04:40.139 [SpringApplicationShutdownHook] DEBUG e.t.votacion.service.StorageService - Master key cleared from memory
2025-11-17 16:04:45.363 [main] INFO  es.tfg.votacion.Application - Starting Application using Java 21.0.5 with PID 22729 (/home/ehuetadr/TFG/VotacionBC/backend-spring/target/classes started by ehuetadr in /home/ehuetadr/TFG/VotacionBC/backend-spring)
2025-11-17 16:04:45.364 [main] DEBUG es.tfg.votacion.Application - Running with Spring Boot v3.5.7, Spring v6.2.12
2025-11-17 16:04:45.365 [main] INFO  es.tfg.votacion.Application - No active profile set, falling back to 1 default profile: "default"
2025-11-17 16:04:46.213 [main] INFO  o.s.b.w.e.tomcat.TomcatWebServer - Tomcat initialized with port 8080 (http)
2025-11-17 16:04:46.220 [main] INFO  o.a.catalina.core.StandardService - Starting service [Tomcat]
2025-11-17 16:04:46.221 [main] INFO  o.a.catalina.core.StandardEngine - Starting Servlet engine: [Apache Tomcat/10.1.48]
2025-11-17 16:04:46.249 [main] INFO  o.a.c.c.C.[.[localhost].[/api/v1] - Initializing Spring embedded WebApplicationContext
2025-11-17 16:04:46.250 [main] INFO  o.s.b.w.s.c.ServletWebServerApplicationContext - Root WebApplicationContext: initialization completed in 842 ms
2025-11-17 16:04:46.287 [main] INFO  es.tfg.votacion.service.AuthService - Initializing Authentication Service (Mock Mode)
2025-11-17 16:04:46.288 [main] DEBUG es.tfg.votacion.service.AuthService - Loading mock users from: /home/ehuetadr/TFG/VotacionBC/backend-spring/src/main/resources/mock/users.json
2025-11-17 16:04:46.302 [main] DEBUG es.tfg.votacion.service.AuthService - Loaded user: juan.perez (role: Votante (voter), active: true)
2025-11-17 16:04:46.303 [main] DEBUG es.tfg.votacion.service.AuthService - Loaded user: maria.gonzalez (role: Votante (voter), active: true)
2025-11-17 16:04:46.303 [main] DEBUG es.tfg.votacion.service.AuthService - Loaded user: admin (role: Administrador (admin), active: true)
2025-11-17 16:04:46.303 [main] DEBUG es.tfg.votacion.service.AuthService - Loaded user: auditor (role: Auditor (auditor), active: true)
2025-11-17 16:04:46.303 [main] DEBUG es.tfg.votacion.service.AuthService - Loaded user: carlos.martin (role: Votante (voter), active: true)
2025-11-17 16:04:46.304 [main] DEBUG es.tfg.votacion.service.AuthService - Loaded user: ana.rodriguez (role: Votante (voter), active: true)
2025-11-17 16:04:46.304 [main] DEBUG es.tfg.votacion.service.AuthService - Loaded user: pedro.lopez (role: Administrador (admin), active: true)
2025-11-17 16:04:46.304 [main] DEBUG es.tfg.votacion.service.AuthService - Loaded user: lucia.garcia (role: Votante (voter), active: false)
2025-11-17 16:04:46.304 [main] DEBUG es.tfg.votacion.service.AuthService - Loaded user: test.user (role: Votante (voter), active: true)
2025-11-17 16:04:46.304 [main] INFO  es.tfg.votacion.service.AuthService - Loaded 9 mock users from /home/ehuetadr/TFG/VotacionBC/backend-spring/src/main/resources/mock/users.json
2025-11-17 16:04:46.306 [main] DEBUG es.tfg.votacion.service.AuthService - JWT signing key initialized with HS256 algorithm
2025-11-17 16:04:46.306 [main] INFO  es.tfg.votacion.service.AuthService - JWT signing key initialized successfully
2025-11-17 16:04:46.306 [main] DEBUG es.tfg.votacion.service.AuthService - JWT issuer: votacion-blockchain-poc
2025-11-17 16:04:46.306 [main] DEBUG es.tfg.votacion.service.AuthService - JWT audience: voting-system
2025-11-17 16:04:46.306 [main] DEBUG es.tfg.votacion.service.AuthService - JWT expiration: 3600 seconds
2025-11-17 16:04:46.307 [main] DEBUG es.tfg.votacion.service.AuthService - Allowed roles: [voter, admin, auditor]
2025-11-17 16:04:46.307 [main] WARN  es.tfg.votacion.service.AuthService - Running in MOCK authentication mode - not suitable for production!
2025-11-17 16:04:46.330 [main] DEBUG e.t.v.config.JwtAuthenticationFilter - Filter 'jwtAuthenticationFilter' configured for use
2025-11-17 16:04:46.351 [main] INFO  e.t.votacion.service.ElectionService - Initializing ElectionService with mock elections
2025-11-17 16:04:46.351 [main] INFO  e.t.votacion.service.ElectionService - Created 3 mock elections
2025-11-17 16:04:46.363 [main] INFO  e.tfg.votacion.service.FabricService - Initializing Hyperledger Fabric Gateway connection
2025-11-17 16:04:46.363 [main] INFO  e.tfg.votacion.service.FabricService - Attempting to connect to Fabric network...
2025-11-17 16:04:46.363 [main] DEBUG e.tfg.votacion.service.FabricService - Connection profile: /home/ehuetadr/fabric/fabric-samples/test-network/organizations/peerOrganizations/org1.example.com/connection-org1.json
2025-11-17 16:04:46.363 [main] DEBUG e.tfg.votacion.service.FabricService - Wallet path: /home/ehuetadr/TFG/VotacionBC/backend-spring/wallet
2025-11-17 16:04:46.363 [main] DEBUG e.tfg.votacion.service.FabricService - User: appUser
2025-11-17 16:04:46.363 [main] DEBUG e.tfg.votacion.service.FabricService - Channel: electionchannel
2025-11-17 16:04:46.363 [main] DEBUG e.tfg.votacion.service.FabricService - Chaincode: electioncc
2025-11-17 16:04:46.363 [main] WARN  e.tfg.votacion.service.FabricService - Using MOCK Fabric connection for PoC development
2025-11-17 16:04:46.363 [main] WARN  e.tfg.votacion.service.FabricService - To use real Fabric connection, implement proper Gateway initialization
2025-11-17 16:04:46.363 [main] INFO  e.tfg.votacion.service.FabricService - Successfully connected to Hyperledger Fabric network
2025-11-17 16:04:46.371 [main] INFO  e.t.votacion.service.StorageService - Initializing Storage Service with AES-GCM encryption
2025-11-17 16:04:46.371 [main] DEBUG e.t.votacion.service.StorageService - Loading encryption key from keystore: /home/ehuetadr/TFG/VotacionBC/backend-spring/src/main/resources/keystore/keystore.json
2025-11-17 16:04:46.375 [main] DEBUG e.t.votacion.service.StorageService - Keystore loaded - algorithm: AES/GCM/NoPadding, key length: 256 bits
2025-11-17 16:04:46.375 [main] INFO  e.t.votacion.service.StorageService - Encryption key loaded and validated successfully
2025-11-17 16:04:46.375 [main] INFO  e.t.votacion.service.StorageService - Encryption key loaded successfully from keystore
2025-11-17 16:04:46.375 [main] INFO  e.t.votacion.service.StorageService - Storage directory initialized: /home/ehuetadr/TFG/VotacionBC/backend-spring/data/storage
2025-11-17 16:04:46.375 [main] DEBUG e.t.votacion.service.StorageService - Encryption algorithm: AES/GCM/NoPadding
2025-11-17 16:04:46.376 [main] DEBUG e.t.votacion.service.StorageService - Key length: 256 bits
2025-11-17 16:04:46.376 [main] DEBUG e.t.votacion.service.StorageService - IV length: 12 bytes
2025-11-17 16:04:46.376 [main] DEBUG e.t.votacion.service.StorageService - Tag length: 128 bits
2025-11-17 16:04:46.376 [main] INFO  e.t.votacion.service.StorageService - Automatic cleanup enabled - retention: 30 days
2025-11-17 16:04:46.558 [main] WARN  o.s.b.a.s.s.UserDetailsServiceAutoConfiguration - 

Using generated security password: d5baf99b-c446-419a-9e72-b56d63a8ef88

This generated password is for development use only. Your security configuration must be updated before running your application in production.

2025-11-17 16:04:46.561 [main] INFO  o.s.s.c.a.a.c.InitializeUserDetailsBeanManagerConfigurer$InitializeUserDetailsManagerConfigurer - Global AuthenticationManager configured with UserDetailsService bean with name inMemoryUserDetailsManager
2025-11-17 16:04:46.586 [main] INFO  e.tfg.votacion.config.SecurityConfig - Configuring Spring Security with JWT authentication
2025-11-17 16:04:46.587 [main] INFO  e.tfg.votacion.config.SecurityConfig - Configuring CORS for development environment
2025-11-17 16:04:46.600 [main] INFO  e.tfg.votacion.config.SecurityConfig - Spring Security configured successfully
2025-11-17 16:04:46.761 [main] INFO  o.s.b.w.e.tomcat.TomcatWebServer - Tomcat started on port 8080 (http) with context path '/api/v1'
2025-11-17 16:04:46.768 [main] INFO  es.tfg.votacion.Application - Started Application in 1.929 seconds (process running for 2.173)
2025-11-17 16:04:59.987 [tomcat-handler-0] INFO  o.a.c.c.C.[.[localhost].[/api/v1] - Initializing Spring DispatcherServlet 'dispatcherServlet'
2025-11-17 16:04:59.988 [tomcat-handler-0] INFO  o.s.web.servlet.DispatcherServlet - Initializing Servlet 'dispatcherServlet'
2025-11-17 16:04:59.988 [tomcat-handler-0] INFO  o.s.web.servlet.DispatcherServlet - Completed initialization in 0 ms
2025-11-17 16:05:00.094 [tomcat-handler-0] INFO  e.t.v.controller.AuthController - Login attempt for user: admin from IP: 0:0:0:0:0:0:0:1
2025-11-17 16:05:00.094 [tomcat-handler-0] DEBUG es.tfg.votacion.service.AuthService - Attempting to authenticate user: admin
2025-11-17 16:05:00.161 [tomcat-handler-0] INFO  es.tfg.votacion.service.AuthService - User authenticated successfully: admin (role: Administrador (admin))
2025-11-17 16:05:00.161 [tomcat-handler-0] DEBUG es.tfg.votacion.service.AuthService - Generating JWT token for user: admin
2025-11-17 16:05:00.291 [tomcat-handler-0] INFO  es.tfg.votacion.service.AuthService - JWT token generated for user: admin (expires: Mon Nov 17 17:05:00 CET 2025)
2025-11-17 16:05:00.292 [tomcat-handler-0] INFO  e.t.v.controller.AuthController - User authenticated successfully: admin (role: Administrador)
2025-11-17 16:06:12.055 [tomcat-handler-2] INFO  e.t.v.controller.AuthController - Login attempt for user: admin from IP: 0:0:0:0:0:0:0:1
2025-11-17 16:06:12.056 [tomcat-handler-2] DEBUG es.tfg.votacion.service.AuthService - Attempting to authenticate user: admin
2025-11-17 16:06:12.121 [tomcat-handler-2] INFO  es.tfg.votacion.service.AuthService - User authenticated successfully: admin (role: Administrador (admin))
2025-11-17 16:06:12.121 [tomcat-handler-2] DEBUG es.tfg.votacion.service.AuthService - Generating JWT token for user: admin
2025-11-17 16:06:12.123 [tomcat-handler-2] INFO  es.tfg.votacion.service.AuthService - JWT token generated for user: admin (expires: Mon Nov 17 17:06:12 CET 2025)
2025-11-17 16:06:12.123 [tomcat-handler-2] INFO  e.t.v.controller.AuthController - User authenticated successfully: admin (role: Administrador)
2025-11-17 16:06:59.761 [tomcat-handler-4] INFO  e.t.v.controller.AuthController - Login attempt for user: pepe from IP: 0:0:0:0:0:0:0:1
2025-11-17 16:06:59.762 [tomcat-handler-4] DEBUG es.tfg.votacion.service.AuthService - Attempting to authenticate user: pepe
2025-11-17 16:06:59.762 [tomcat-handler-4] WARN  es.tfg.votacion.service.AuthService - Authentication failed: user not found: pepe
2025-11-17 16:06:59.762 [tomcat-handler-4] WARN  e.t.v.controller.AuthController - Authentication failed for user: pepe
2025-11-17 16:07:16.080 [tomcat-handler-5] INFO  e.t.v.controller.AuthController - Login attempt for user: juan.perez from IP: 0:0:0:0:0:0:0:1
2025-11-17 16:07:16.081 [tomcat-handler-5] DEBUG es.tfg.votacion.service.AuthService - Attempting to authenticate user: juan.perez
2025-11-17 16:07:16.142 [tomcat-handler-5] INFO  es.tfg.votacion.service.AuthService - User authenticated successfully: juan.perez (role: Votante (voter))
2025-11-17 16:07:16.142 [tomcat-handler-5] DEBUG es.tfg.votacion.service.AuthService - Generating JWT token for user: juan.perez
2025-11-17 16:07:16.143 [tomcat-handler-5] INFO  es.tfg.votacion.service.AuthService - JWT token generated for user: juan.perez (expires: Mon Nov 17 17:07:16 CET 2025)
2025-11-17 16:07:16.143 [tomcat-handler-5] INFO  e.t.v.controller.AuthController - User authenticated successfully: juan.perez (role: Votante)
