Starting Spring Boot Backend...
[INFO] Scanning for projects...
[INFO] 
[INFO] --------------------------< es.tfg:votacion >---------------------------
[INFO] Building application 0.0.1-SNAPSHOT
[INFO]   from pom.xml
[INFO] --------------------------------[ jar ]---------------------------------
[INFO] 
[INFO] >>> spring-boot:3.5.7:run (default-cli) > test-compile @ votacion >>>
[INFO] 
[INFO] --- resources:3.3.1:resources (default-resources) @ votacion ---
[INFO] Copying 1 resource from src/main/resources to target/classes
[INFO] Copying 3 resources from src/main/resources to target/classes
[INFO] 
[INFO] --- compiler:3.14.1:compile (default-compile) @ votacion ---
[INFO] Nothing to compile - all classes are up to date.
[INFO] 
[INFO] --- resources:3.3.1:testResources (default-testResources) @ votacion ---
[INFO] skip non existing resourceDirectory /home/ehuetadr/TFG/VotacionBC/backend-spring/src/test/resources
[INFO] 
[INFO] --- compiler:3.14.1:testCompile (default-testCompile) @ votacion ---
[INFO] Nothing to compile - all classes are up to date.
[INFO] 
[INFO] <<< spring-boot:3.5.7:run (default-cli) < test-compile @ votacion <<<
[INFO] 
[INFO] 
[INFO] --- spring-boot:3.5.7:run (default-cli) @ votacion ---
[INFO] Attaching agents: []

  .   ____          _            __ _ _
 /\\ / ___'_ __ _ _(_)_ __  __ _ \ \ \ \
( ( )\___ | '_ | '_| | '_ \/ _` | \ \ \ \
 \\/  ___)| |_)| | | | | || (_| |  ) ) ) )
  '  |____| .__|_| |_|_| |_\__, | / / / /
 =========|_|==============|___/=/_/_/_/

 :: Spring Boot ::                (v3.5.7)

2025-12-11 00:13:30.062  INFO 2281 --- [           main] es.tfg.votacion.Application              : Starting Application using Java 21.0.9 with PID 2281 (/home/ehuetadr/TFG/VotacionBC/backend-spring/target/classes started by ehuetadr in /home/ehuetadr/TFG/VotacionBC/backend-spring)
2025-12-11 00:13:30.110 DEBUG 2281 --- [           main] es.tfg.votacion.Application              : Running with Spring Boot v3.5.7, Spring v6.2.12
2025-12-11 00:13:30.112  INFO 2281 --- [           main] es.tfg.votacion.Application              : No active profile set, falling back to 1 default profile: "default"
2025-12-11 00:13:31.499  INFO 2281 --- [           main] o.s.b.w.embedded.tomcat.TomcatWebServer  : Tomcat initialized with port 8080 (http)
2025-12-11 00:13:31.512  INFO 2281 --- [           main] o.apache.catalina.core.StandardService   : Starting service [Tomcat]
2025-12-11 00:13:31.513  INFO 2281 --- [           main] o.apache.catalina.core.StandardEngine    : Starting Servlet engine: [Apache Tomcat/10.1.48]
2025-12-11 00:13:31.564  INFO 2281 --- [           main] o.a.c.c.C.[.[localhost].[/api/v1]        : Initializing Spring embedded WebApplicationContext
2025-12-11 00:13:31.565  INFO 2281 --- [           main] w.s.c.ServletWebServerApplicationContext : Root WebApplicationContext: initialization completed in 1283 ms
2025-12-11 00:13:31.604  INFO 2281 --- [           main] es.tfg.votacion.service.AuthService      : Initializing Authentication Service (Mock Mode)
2025-12-11 00:13:31.604 DEBUG 2281 --- [           main] es.tfg.votacion.service.AuthService      : Loading mock users from: src/main/resources/mock/users.json
2025-12-11 00:13:31.619 DEBUG 2281 --- [           main] es.tfg.votacion.service.AuthService      : Loaded user: juan.perez (role: Votante (voter), active: true)
2025-12-11 00:13:31.619 DEBUG 2281 --- [           main] es.tfg.votacion.service.AuthService      : Loaded user: maria.gonzalez (role: Votante (voter), active: true)
2025-12-11 00:13:31.619 DEBUG 2281 --- [           main] es.tfg.votacion.service.AuthService      : Loaded user: admin (role: Administrador (admin), active: true)
2025-12-11 00:13:31.620 DEBUG 2281 --- [           main] es.tfg.votacion.service.AuthService      : Loaded user: auditor (role: Auditor (auditor), active: true)
2025-12-11 00:13:31.620 DEBUG 2281 --- [           main] es.tfg.votacion.service.AuthService      : Loaded user: carlos.martin (role: Votante (voter), active: true)
2025-12-11 00:13:31.620 DEBUG 2281 --- [           main] es.tfg.votacion.service.AuthService      : Loaded user: ana.rodriguez (role: Votante (voter), active: true)
2025-12-11 00:13:31.620 DEBUG 2281 --- [           main] es.tfg.votacion.service.AuthService      : Loaded user: pedro.lopez (role: Administrador (admin), active: true)
2025-12-11 00:13:31.620 DEBUG 2281 --- [           main] es.tfg.votacion.service.AuthService      : Loaded user: lucia.garcia (role: Votante (voter), active: false)
2025-12-11 00:13:31.621 DEBUG 2281 --- [           main] es.tfg.votacion.service.AuthService      : Loaded user: test.user (role: Votante (voter), active: true)
2025-12-11 00:13:31.621 DEBUG 2281 --- [           main] es.tfg.votacion.service.AuthService      : Loaded user: voter10 (role: Votante (voter), active: true)
2025-12-11 00:13:31.621 DEBUG 2281 --- [           main] es.tfg.votacion.service.AuthService      : Loaded user: voter11 (role: Votante (voter), active: true)
2025-12-11 00:13:31.622 DEBUG 2281 --- [           main] es.tfg.votacion.service.AuthService      : Loaded user: voter12 (role: Votante (voter), active: true)
2025-12-11 00:13:31.623 DEBUG 2281 --- [           main] es.tfg.votacion.service.AuthService      : Loaded user: voter13 (role: Votante (voter), active: true)
2025-12-11 00:13:31.623 DEBUG 2281 --- [           main] es.tfg.votacion.service.AuthService      : Loaded user: voter14 (role: Votante (voter), active: true)
2025-12-11 00:13:31.623 DEBUG 2281 --- [           main] es.tfg.votacion.service.AuthService      : Loaded user: voter15 (role: Votante (voter), active: true)
2025-12-11 00:13:31.623 DEBUG 2281 --- [           main] es.tfg.votacion.service.AuthService      : Loaded user: voter16 (role: Votante (voter), active: true)
2025-12-11 00:13:31.624 DEBUG 2281 --- [           main] es.tfg.votacion.service.AuthService      : Loaded user: voter17 (role: Votante (voter), active: true)
2025-12-11 00:13:31.624 DEBUG 2281 --- [           main] es.tfg.votacion.service.AuthService      : Loaded user: voter18 (role: Votante (voter), active: true)
2025-12-11 00:13:31.624 DEBUG 2281 --- [           main] es.tfg.votacion.service.AuthService      : Loaded user: voter19 (role: Votante (voter), active: true)
2025-12-11 00:13:31.624  INFO 2281 --- [           main] es.tfg.votacion.service.AuthService      : Loaded 19 mock users from src/main/resources/mock/users.json
2025-12-11 00:13:31.627 DEBUG 2281 --- [           main] es.tfg.votacion.service.AuthService      : JWT signing key initialized with HS256 algorithm
2025-12-11 00:13:31.627  INFO 2281 --- [           main] es.tfg.votacion.service.AuthService      : JWT signing key initialized successfully
2025-12-11 00:13:31.627 DEBUG 2281 --- [           main] es.tfg.votacion.service.AuthService      : JWT issuer: votacion-blockchain-poc
2025-12-11 00:13:31.627 DEBUG 2281 --- [           main] es.tfg.votacion.service.AuthService      : JWT audience: voting-system
2025-12-11 00:13:31.628 DEBUG 2281 --- [           main] es.tfg.votacion.service.AuthService      : JWT expiration: 3600 seconds
2025-12-11 00:13:31.628 DEBUG 2281 --- [           main] es.tfg.votacion.service.AuthService      : Allowed roles: [voter, admin, auditor]
2025-12-11 00:13:31.628  WARN 2281 --- [           main] es.tfg.votacion.service.AuthService      : Running in MOCK authentication mode - not suitable for production!
2025-12-11 00:13:31.671 DEBUG 2281 --- [           main] e.t.v.config.JwtAuthenticationFilter     : Filter 'jwtAuthenticationFilter' configured for use
2025-12-11 00:13:31.731  INFO 2281 --- [           main] es.tfg.votacion.service.StorageService   : Initializing Storage Service with AES-GCM encryption
2025-12-11 00:13:31.731 DEBUG 2281 --- [           main] es.tfg.votacion.service.StorageService   : Loading encryption key from keystore: src/main/resources/keystore/keystore.json
2025-12-11 00:13:31.737 DEBUG 2281 --- [           main] es.tfg.votacion.service.StorageService   : Keystore loaded - algorithm: AES/GCM/NoPadding, key length: 256 bits
2025-12-11 00:13:31.737  INFO 2281 --- [           main] es.tfg.votacion.service.StorageService   : Encryption key loaded and validated successfully
2025-12-11 00:13:31.737  INFO 2281 --- [           main] es.tfg.votacion.service.StorageService   : Encryption key loaded successfully from keystore
2025-12-11 00:13:31.738  INFO 2281 --- [           main] es.tfg.votacion.service.StorageService   : Storage directory initialized: /home/ehuetadr/TFG/VotacionBC/backend-spring/data/storage
2025-12-11 00:13:31.738 DEBUG 2281 --- [           main] es.tfg.votacion.service.StorageService   : Encryption algorithm: AES/GCM/NoPadding
2025-12-11 00:13:31.738 DEBUG 2281 --- [           main] es.tfg.votacion.service.StorageService   : Key length: 256 bits
2025-12-11 00:13:31.738 DEBUG 2281 --- [           main] es.tfg.votacion.service.StorageService   : IV length: 12 bytes
2025-12-11 00:13:31.738 DEBUG 2281 --- [           main] es.tfg.votacion.service.StorageService   : Tag length: 128 bits
2025-12-11 00:13:31.738  INFO 2281 --- [           main] es.tfg.votacion.service.StorageService   : Automatic cleanup enabled - retention: 30 days
2025-12-11 00:13:31.757  INFO 2281 --- [           main] es.tfg.votacion.service.FabricService    : Initializing Hyperledger Fabric Gateway connection
2025-12-11 00:13:31.758  INFO 2281 --- [           main] es.tfg.votacion.service.FabricService    : Attempting to connect to Fabric network...
2025-12-11 00:13:31.758 DEBUG 2281 --- [           main] es.tfg.votacion.service.FabricService    : Connection profile: ../fabric/test-network/organizations/peerOrganizations/org1.example.com/connection-org1.json
2025-12-11 00:13:31.758 DEBUG 2281 --- [           main] es.tfg.votacion.service.FabricService    : Wallet path: wallet
2025-12-11 00:13:31.758 DEBUG 2281 --- [           main] es.tfg.votacion.service.FabricService    : User: appUser
2025-12-11 00:13:31.758 DEBUG 2281 --- [           main] es.tfg.votacion.service.FabricService    : Channel: electionchannel
2025-12-11 00:13:31.758 DEBUG 2281 --- [           main] es.tfg.votacion.service.FabricService    : Chaincode: electioncc
2025-12-11 00:13:32.661  INFO 2281 --- [           main] es.tfg.votacion.service.FabricService    : Successfully connected to Fabric network
2025-12-11 00:13:32.662  INFO 2281 --- [           main] es.tfg.votacion.service.FabricService    : Successfully connected to Hyperledger Fabric network
2025-12-11 00:13:32.663  INFO 2281 --- [           main] e.tfg.votacion.service.ElectionService   : Initializing ElectionService
2025-12-11 00:13:32.730  INFO 2281 --- [           main] e.tfg.votacion.service.ElectionService   : Loaded 0 elections from disk
2025-12-11 00:13:33.161  WARN 2281 --- [           main] .s.s.UserDetailsServiceAutoConfiguration : 

Using generated security password: a859f1f6-0a98-41d4-bb5c-b001bde63331

This generated password is for development use only. Your security configuration must be updated before running your application in production.

2025-12-11 00:13:33.168  INFO 2281 --- [           main] r$InitializeUserDetailsManagerConfigurer : Global AuthenticationManager configured with UserDetailsService bean with name inMemoryUserDetailsManager
2025-12-11 00:13:33.210  INFO 2281 --- [           main] es.tfg.votacion.config.SecurityConfig    : Configuring Spring Security with JWT authentication
2025-12-11 00:13:33.211  INFO 2281 --- [           main] es.tfg.votacion.config.SecurityConfig    : Configuring CORS for development environment
2025-12-11 00:13:33.240  INFO 2281 --- [           main] es.tfg.votacion.config.SecurityConfig    : Spring Security configured successfully
2025-12-11 00:13:33.526  INFO 2281 --- [           main] o.s.b.w.embedded.tomcat.TomcatWebServer  : Tomcat started on port 8080 (http) with context path '/api/v1'
2025-12-11 00:13:33.534  INFO 2281 --- [           main] es.tfg.votacion.Application              : Started Application in 5.319 seconds (process running for 7.355)
2025-12-11 00:16:05.082  INFO 2281 --- [omcat-handler-1] o.a.c.c.C.[.[localhost].[/api/v1]        : Initializing Spring DispatcherServlet 'dispatcherServlet'
2025-12-11 00:16:05.083  INFO 2281 --- [omcat-handler-1] o.s.web.servlet.DispatcherServlet        : Initializing Servlet 'dispatcherServlet'
2025-12-11 00:16:05.084  INFO 2281 --- [omcat-handler-1] o.s.web.servlet.DispatcherServlet        : Completed initialization in 1 ms
2025-12-11 00:16:05.219  INFO 2281 --- [omcat-handler-2] e.t.votacion.controller.AuthController   : Login attempt for user: admin from IP: 0:0:0:0:0:0:0:1
2025-12-11 00:16:05.219 DEBUG 2281 --- [omcat-handler-2] es.tfg.votacion.service.AuthService      : Attempting to authenticate user: admin
2025-12-11 00:16:05.317  INFO 2281 --- [omcat-handler-2] es.tfg.votacion.service.AuthService      : User authenticated successfully: admin (role: Administrador (admin))
2025-12-11 00:16:05.317 DEBUG 2281 --- [omcat-handler-2] es.tfg.votacion.service.AuthService      : Generating JWT token for user: admin
2025-12-11 00:16:05.461  INFO 2281 --- [omcat-handler-2] es.tfg.votacion.service.AuthService      : JWT token generated for user: admin (expires: Thu Dec 11 01:16:05 CET 2025)
2025-12-11 00:16:05.463  INFO 2281 --- [omcat-handler-2] e.t.votacion.controller.AuthController   : User authenticated successfully: admin (role: Administrador)
2025-12-11 00:16:05.610 DEBUG 2281 --- [omcat-handler-4] es.tfg.votacion.service.AuthService      : Validating JWT token
2025-12-11 00:16:05.660 DEBUG 2281 --- [omcat-handler-4] es.tfg.votacion.service.AuthService      : JWT token validated successfully for user: admin
2025-12-11 00:16:05.661 DEBUG 2281 --- [omcat-handler-4] e.t.v.config.JwtAuthenticationFilter     : User 'admin' authenticated successfully with role 'Administrador (admin)'
2025-12-11 00:16:05.665  INFO 2281 --- [omcat-handler-4] e.t.v.controller.ElectionController      : Fetching all elections (ADMIN) from IP: 0:0:0:0:0:0:0:1
2025-12-11 00:16:05.665 DEBUG 2281 --- [omcat-handler-4] es.tfg.votacion.service.AuthService      : Validating JWT token
2025-12-11 00:16:05.666 DEBUG 2281 --- [omcat-handler-4] es.tfg.votacion.service.AuthService      : JWT token validated successfully for user: admin
2025-12-11 00:16:05.666 DEBUG 2281 --- [omcat-handler-4] es.tfg.votacion.service.AuthService      : Role check for user admin: has role Administrador (admin)? true
2025-12-11 00:16:05.666  INFO 2281 --- [omcat-handler-4] e.t.v.controller.ElectionController      : Returning 0 elections
2025-12-11 00:16:28.167 DEBUG 2281 --- [omcat-handler-6] es.tfg.votacion.service.AuthService      : Validating JWT token
2025-12-11 00:16:28.172 DEBUG 2281 --- [omcat-handler-6] es.tfg.votacion.service.AuthService      : JWT token validated successfully for user: admin
2025-12-11 00:16:28.172 DEBUG 2281 --- [omcat-handler-6] e.t.v.config.JwtAuthenticationFilter     : User 'admin' authenticated successfully with role 'Administrador (admin)'
2025-12-11 00:16:28.174  INFO 2281 --- [omcat-handler-6] e.t.v.controller.ElectionController      : Fetching active elections from IP: 0:0:0:0:0:0:0:1
2025-12-11 00:16:28.174 DEBUG 2281 --- [omcat-handler-6] es.tfg.votacion.service.AuthService      : Validating JWT token
2025-12-11 00:16:28.175 DEBUG 2281 --- [omcat-handler-6] es.tfg.votacion.service.AuthService      : JWT token validated successfully for user: admin
2025-12-11 00:16:28.176  INFO 2281 --- [omcat-handler-6] e.t.v.controller.ElectionController      : Returning 0 active elections
2025-12-11 00:50:01.378 DEBUG 2281 --- [omcat-handler-9] es.tfg.votacion.service.AuthService      : Validating JWT token
2025-12-11 00:50:01.379 DEBUG 2281 --- [omcat-handler-9] es.tfg.votacion.service.AuthService      : JWT token validated successfully for user: admin
2025-12-11 00:50:01.380 DEBUG 2281 --- [omcat-handler-9] e.t.v.config.JwtAuthenticationFilter     : User 'admin' authenticated successfully with role 'Administrador (admin)'
2025-12-11 00:50:01.382  INFO 2281 --- [omcat-handler-9] e.t.votacion.controller.AuthController   : User logged out: admin from IP: 0:0:0:0:0:0:0:1
2025-12-11 00:50:51.289  INFO 2281 --- [mcat-handler-10] e.t.votacion.controller.AuthController   : Login attempt for user: auditor from IP: 0:0:0:0:0:0:0:1
2025-12-11 00:50:51.290 DEBUG 2281 --- [mcat-handler-10] es.tfg.votacion.service.AuthService      : Attempting to authenticate user: auditor
2025-12-11 00:50:51.382  INFO 2281 --- [mcat-handler-10] es.tfg.votacion.service.AuthService      : User authenticated successfully: auditor (role: Auditor (auditor))
2025-12-11 00:50:51.382 DEBUG 2281 --- [mcat-handler-10] es.tfg.votacion.service.AuthService      : Generating JWT token for user: auditor
2025-12-11 00:50:51.383  INFO 2281 --- [mcat-handler-10] es.tfg.votacion.service.AuthService      : JWT token generated for user: auditor (expires: Thu Dec 11 01:50:51 CET 2025)
2025-12-11 00:50:51.383  INFO 2281 --- [mcat-handler-10] e.t.votacion.controller.AuthController   : User authenticated successfully: auditor (role: Auditor)
[INFO] ------------------------------------------------------------------------
[INFO] BUILD FAILURE
[INFO] ------------------------------------------------------------------------
[INFO] Total time:  02:12 h
[INFO] Finished at: 2025-12-11T02:25:13+01:00
[INFO] ------------------------------------------------------------------------
[ERROR] Failed to execute goal org.springframework.boot:spring-boot-maven-plugin:3.5.7:run (default-cli) on project votacion: Process terminated with exit code: 137 -> [Help 1]
[ERROR] 
[ERROR] To see the full stack trace of the errors, re-run Maven with the -e switch.
[ERROR] Re-run Maven using the -X switch to enable full debug logging.
[ERROR] 
[ERROR] For more information about the errors and possible solutions, please read the following articles:
[ERROR] [Help 1] http://cwiki.apache.org/confluence/display/MAVEN/MojoExecutionException
